<?xml version="1.0" encoding="UTF-8"?>
<!-- Generated by org.testng.reporters.JUnitReportReporter -->
<testsuite hostname="macpk-wks-0135" failures="0" tests="39"
	name="Master.OrdersSanityChecks2" time="1383.196" errors="0"
	timestamp="2021-03-31T19:49:15 PKT" skipped="0">
	<testcase classname="Master.OrdersSanityChecks2"
		name="LoginApp" time="53.081" />
	<system-out />
	<testcase classname="Master.OrdersSanityChecks2"
		name="LoggedinUserNameToVerify_SalesPersonOfOrder" time="1.819" />
	<system-out />
	<testcase classname="Master.OrdersSanityChecks2"
		name="ViewNotesLink_UnderTasks" time="121.285" />
	<system-out />
	<testcase classname="Master.OrdersSanityChecks2"
		name="CreateOrder_ReviewHideNotesLink" time="3.307" />
	<system-out />
	<testcase classname="Master.OrdersSanityChecks2"
		name="CreateOrder_ReviewNotes" time="2.451" />
	<system-out />
	<testcase classname="Master.OrdersSanityChecks2"
		name="CreateOrder_WithTaskOnly" time="157.203" />
	<system-out />
	<testcase classname="Master.OrdersSanityChecks2"
		name="FieldsData_Verification_AfterRequote" time="59.011" />
	<system-out />
	<testcase classname="Master.OrdersSanityChecks2"
		name="ReviewSupplierAS_DefaultDecorator" time="34.989" />
	<system-out />
	<testcase classname="Master.OrdersSanityChecks2"
		name="InHandsDateButtonOptionsPOPUpVerification" time="71.630" />
	<system-out />
	<testcase classname="Master.OrdersSanityChecks2"
		name="OrderTracking_OrderContact_CheckboxFunctionality" time="6.922" />
	<system-out />
	<testcase classname="Master.OrdersSanityChecks2"
		name="ImpactofOrderContact_AtOrderLevel" time="56.851" />
	<system-out />
	<testcase classname="Master.OrdersSanityChecks2"
		name="ImpactofOrderTracking_AtOrderLevel" time="45.752" />
	<system-out />
	<testcase classname="Master.OrdersSanityChecks2"
		name="OrderTracking_Uncheck_OrderContact_CheckboxFunctionality"
		time="7.149" />
	<system-out />
	<testcase classname="Master.OrdersSanityChecks2"
		name="ImpactofOrderContact_Uncheck_AtOrderLevel" time="15.814" />
	<system-out />
	<testcase classname="Master.OrdersSanityChecks2"
		name="ImpactofOrderTracking__Uncheck_AtOrderLevel" time="0.731" />
	<system-out />
	<testcase classname="Master.OrdersSanityChecks2"
		name="Default_SalesPersonForOrders" time="2.214" />
	<system-out />
	<testcase classname="Master.OrdersSanityChecks2"
		name="Verify_AddCustomProductAttribute_Orders" time="129.152" />
	<system-out />
	<testcase classname="Master.OrdersSanityChecks2"
		name="Verify_AddCustomProductAttribute_WaterMarkTextFieldVerification_Orders"
		time="9.379" />
	<system-out />
	<testcase classname="Master.OrdersSanityChecks2"
		name="Verify_AddCustomProductAttribute_DropDown_SelectAttribute_Orders"
		time="11.183" />
	<system-out />
	<testcase classname="Master.OrdersSanityChecks2"
		name="Delete_CustomProductAttribute_Orders" time="5.601" />
	<system-out />
	<testcase classname="Master.OrdersSanityChecks2"
		name="ExistingOrder_CustomProductAttribute_CreateOrder" time="32.199" />
	<system-out />
	<testcase classname="Master.OrdersSanityChecks2"
		name="Verify_AddCustomProductAttribute_Invoice" time="90.113" />
	<system-out />
	<testcase classname="Master.OrdersSanityChecks2"
		name="Verify_AddCustomProductAttribute_WaterMarkTextFieldVerification_Invoice"
		time="6.724" />
	<system-out />
	<testcase classname="Master.OrdersSanityChecks2"
		name="Verify_AddCustomProductAttribute_DropDown_SelectAttribute_Invoice"
		time="5.213" />
	<system-out />
	<testcase classname="Master.OrdersSanityChecks2"
		name="Delete_CustomProductAttribute_Invoice" time="4.562" />
	<system-out />
	<testcase classname="Master.OrdersSanityChecks2"
		name="ExistingQuote_CustomProductAttribute_CreateInvoice"
		time="27.036" />
	<system-out />
	<testcase classname="Master.OrdersSanityChecks2"
		name="Verify_AddCustomProductAttribute_Quote" time="95.848" />
	<system-out />
	<testcase classname="Master.OrdersSanityChecks2"
		name="Verify_AddCustomProductAttribute_WaterMarkTextFieldVerification_Quote"
		time="7.672" />
	<system-out />
	<testcase classname="Master.OrdersSanityChecks2"
		name="Verify_AddCustomProductAttribute_DropDown_SelectAttribute_Quote"
		time="6.186" />
	<system-out />
	<testcase classname="Master.OrdersSanityChecks2"
		name="Delete_CustomProductAttribute_Quote" time="5.591" />
	<system-out />
	<testcase classname="Master.OrdersSanityChecks2"
		name="Verify_AddCustomProductAttribute_SampleRequest" time="105.250" />
	<system-out />
	<testcase classname="Master.OrdersSanityChecks2"
		name="Verify_AddCustomProductAttribute_WaterMarkTextFieldVerification_SampleRequest"
		time="7.663" />
	<system-out />
	<testcase classname="Master.OrdersSanityChecks2"
		name="Verify_AddCustomProductAttribute_DropDown_SelectAttribute_SampleRequest"
		time="6.552" />
	<system-out />
	<testcase classname="Master.OrdersSanityChecks2"
		name="Delete_CustomProductAttribute_SampleRequest" time="4.630" />
	<system-out />
	<testcase classname="Master.OrdersSanityChecks2"
		name="ExistingSampleRequest_CustomProductAttribute_SampleRequest"
		time="42.320" />
	<system-out />
	<testcase classname="Master.OrdersSanityChecks2"
		name="CreateOrder_ShippingField_CloseIcon" time="99.835" />
	<system-out />
	<testcase classname="Master.OrdersSanityChecks2"
		name="Select_Customer_ShippingAddress" time="23.497" />
	<system-out />
	<testcase classname="Master.OrdersSanityChecks2"
		name="Select_MyCompany_ShippingAddress" time="13.415" />
	<system-out />
	<testcase classname="Master.OrdersSanityChecks2"
		name="MyCompany_ShippingAddress_CloseIcon" time="3.366" />
	<system-out />
</testsuite> <!-- Master.OrdersSanityChecks2 -->
