<?xml version="1.0" encoding="UTF-8"?>
<!-- Generated by org.testng.reporters.JUnitReportReporter -->
<testsuite hostname="macpk-wks-0135" failures="0" tests="24"
	name="Master.May2020ReleaseOrders" time="713.440" errors="0"
	timestamp="2021-03-31T19:24:30 PKT" skipped="0">
	<testcase classname="Master.May2020ReleaseOrders"
		name="LoginIdaho" time="46.744" />
	<system-out />
	<testcase classname="Master.May2020ReleaseOrders"
		name="Verify_AddCustomProductAttribute_Orders" time="92.173" />
	<system-out />
	<testcase classname="Master.May2020ReleaseOrders"
		name="Verify_AddCustomProductAttribute_WaterMarkTextFieldVerification_Orders"
		time="4.507" />
	<system-out />
	<testcase classname="Master.May2020ReleaseOrders"
		name="Verify_AddCustomProductAttribute_DropDown_SelectAttribute_Orders"
		time="5.337" />
	<system-out />
	<testcase classname="Master.May2020ReleaseOrders"
		name="Delete_CustomProductAttribute_Orders" time="4.723" />
	<system-out />
	<testcase classname="Master.May2020ReleaseOrders"
		name="ExistingOrder_CustomProductAttribute_CreateOrder" time="25.724" />
	<system-out />
	<testcase classname="Master.May2020ReleaseOrders"
		name="Verify_AddCustomProductAttribute_Invoice" time="91.773" />
	<system-out />
	<testcase classname="Master.May2020ReleaseOrders"
		name="Verify_AddCustomProductAttribute_WaterMarkTextFieldVerification_Invoice"
		time="6.344" />
	<system-out />
	<testcase classname="Master.May2020ReleaseOrders"
		name="Verify_AddCustomProductAttribute_DropDown_SelectAttribute_Invoice"
		time="4.750" />
	<system-out />
	<testcase classname="Master.May2020ReleaseOrders"
		name="Delete_CustomProductAttribute_Invoice" time="4.734" />
	<system-out />
	<testcase classname="Master.May2020ReleaseOrders"
		name="ExistingQuote_CustomProductAttribute_CreateInvoice"
		time="26.916" />
	<system-out />
	<testcase classname="Master.May2020ReleaseOrders"
		name="Verify_AddCustomProductAttribute_Quote" time="77.563" />
	<system-out />
	<testcase classname="Master.May2020ReleaseOrders"
		name="Verify_AddCustomProductAttribute_WaterMarkTextFieldVerification_Quote"
		time="6.263" />
	<system-out />
	<testcase classname="Master.May2020ReleaseOrders"
		name="Verify_AddCustomProductAttribute_DropDown_SelectAttribute_Quote"
		time="5.371" />
	<system-out />
	<testcase classname="Master.May2020ReleaseOrders"
		name="Delete_CustomProductAttribute_Quote" time="4.730" />
	<system-out />
	<testcase classname="Master.May2020ReleaseOrders"
		name="Verify_AddCustomProductAttribute_SampleRequest" time="96.684" />
	<system-out />
	<testcase classname="Master.May2020ReleaseOrders"
		name="Verify_AddCustomProductAttribute_WaterMarkTextFieldVerification_SampleRequest"
		time="8.528" />
	<system-out />
	<testcase classname="Master.May2020ReleaseOrders"
		name="Verify_AddCustomProductAttribute_DropDown_SelectAttribute_SampleRequest"
		time="6.809" />
	<system-out />
	<testcase classname="Master.May2020ReleaseOrders"
		name="Delete_CustomProductAttribute_SampleRequest" time="4.782" />
	<system-out />
	<testcase classname="Master.May2020ReleaseOrders"
		name="ExistingSampleRequest_CustomProductAttribute_SampleRequest"
		time="48.096" />
	<system-out />
	<testcase classname="Master.May2020ReleaseOrders"
		name="CreateOrder_ShippingField_CloseIcon" time="101.421" />
	<system-out />
	<testcase classname="Master.May2020ReleaseOrders"
		name="Select_Customer_ShippingAddress" time="24.498" />
	<system-out />
	<testcase classname="Master.May2020ReleaseOrders"
		name="Select_MyCompany_ShippingAddress" time="12.088" />
	<system-out />
	<testcase classname="Master.May2020ReleaseOrders"
		name="MyCompany_ShippingAddress_CloseIcon" time="2.882" />
	<system-out />
</testsuite> <!-- Master.May2020ReleaseOrders -->
