<?xml version="1.0" encoding="UTF-8"?>
<!-- Generated by org.testng.reporters.JUnitReportReporter -->
<testsuite hostname="macpk-wks-0135" failures="0" tests="96" name="Master.CRMExecution" time="3.341" errors="1" timestamp="2022-04-08T15:31:41 PKT" skipped="95">
  <testcase classname="Master.CRMExecution" name="Startup" time="3.339">
    <error message="org/openqa/selenium/remote/AbstractDriverOptions" type="java.lang.NoClassDefFoundError">
      <![CDATA[java.lang.NoClassDefFoundError: org/openqa/selenium/remote/AbstractDriverOptions
at java.base/java.lang.ClassLoader.defineClass1(Native Method)
at java.base/java.lang.ClassLoader.defineClass(ClassLoader.java:1016)
at java.base/java.security.SecureClassLoader.defineClass(SecureClassLoader.java:151)
at java.base/jdk.internal.loader.BuiltinClassLoader.defineClass(BuiltinClassLoader.java:825)
at java.base/jdk.internal.loader.BuiltinClassLoader.findClassOnClassPathOrNull(BuiltinClassLoader.java:723)
at java.base/jdk.internal.loader.BuiltinClassLoader.loadClassOrNull(BuiltinClassLoader.java:646)
at java.base/jdk.internal.loader.BuiltinClassLoader.loadClass(BuiltinClassLoader.java:604)
at java.base/jdk.internal.loader.ClassLoaders$AppClassLoader.loadClass(ClassLoaders.java:168)
at java.base/java.lang.ClassLoader.loadClass(ClassLoader.java:522)
at java.base/java.lang.ClassLoader.defineClass1(Native Method)
at java.base/java.lang.ClassLoader.defineClass(ClassLoader.java:1016)
at java.base/java.security.SecureClassLoader.defineClass(SecureClassLoader.java:151)
at java.base/jdk.internal.loader.BuiltinClassLoader.defineClass(BuiltinClassLoader.java:825)
at java.base/jdk.internal.loader.BuiltinClassLoader.findClassOnClassPathOrNull(BuiltinClassLoader.java:723)
at java.base/jdk.internal.loader.BuiltinClassLoader.loadClassOrNull(BuiltinClassLoader.java:646)
at java.base/jdk.internal.loader.BuiltinClassLoader.loadClass(BuiltinClassLoader.java:604)
at java.base/jdk.internal.loader.ClassLoaders$AppClassLoader.loadClass(ClassLoaders.java:168)
at java.base/java.lang.ClassLoader.loadClass(ClassLoader.java:522)
at CrmTestCases.StartBrowser.StartupBrowser(StartBrowser.java:28)
at Master.CRMExecution.Startup(CRMExecution.java:45)
at java.base/jdk.internal.reflect.NativeMethodAccessorImpl.invoke0(Native Method)
at java.base/jdk.internal.reflect.NativeMethodAccessorImpl.invoke(NativeMethodAccessorImpl.java:64)
at java.base/jdk.internal.reflect.DelegatingMethodAccessorImpl.invoke(DelegatingMethodAccessorImpl.java:43)
at java.base/java.lang.reflect.Method.invoke(Method.java:564)
at org.testng.internal.MethodInvocationHelper.invokeMethod(MethodInvocationHelper.java:132)
at org.testng.internal.MethodInvocationHelper.invokeMethodConsideringTimeout(MethodInvocationHelper.java:61)
at org.testng.internal.ConfigInvoker.invokeConfigurationMethod(ConfigInvoker.java:366)
at org.testng.internal.ConfigInvoker.invokeConfigurations(ConfigInvoker.java:320)
at org.testng.TestRunner.invokeTestConfigurations(TestRunner.java:617)
at org.testng.TestRunner.beforeRun(TestRunner.java:607)
at org.testng.TestRunner.run(TestRunner.java:578)
at org.testng.SuiteRunner.runTest(SuiteRunner.java:384)
at org.testng.SuiteRunner.runSequentially(SuiteRunner.java:378)
at org.testng.SuiteRunner.privateRun(SuiteRunner.java:337)
at org.testng.SuiteRunner.run(SuiteRunner.java:286)
at org.testng.SuiteRunnerWorker.runSuite(SuiteRunnerWorker.java:53)
at org.testng.SuiteRunnerWorker.run(SuiteRunnerWorker.java:96)
at org.testng.TestNG.runSuitesSequentially(TestNG.java:1218)
at org.testng.TestNG.runSuitesLocally(TestNG.java:1140)
at org.testng.TestNG.runSuites(TestNG.java:1069)
at org.testng.TestNG.run(TestNG.java:1037)
at org.testng.remote.AbstractRemoteTestNG.run(AbstractRemoteTestNG.java:115)
at org.testng.remote.RemoteTestNG.initAndRun(RemoteTestNG.java:251)
at org.testng.remote.RemoteTestNG.main(RemoteTestNG.java:77)
Caused by: java.lang.ClassNotFoundException: org.openqa.selenium.remote.AbstractDriverOptions
at java.base/jdk.internal.loader.BuiltinClassLoader.loadClass(BuiltinClassLoader.java:606)
at java.base/jdk.internal.loader.ClassLoaders$AppClassLoader.loadClass(ClassLoaders.java:168)
at java.base/java.lang.ClassLoader.loadClass(ClassLoader.java:522)
... 44 more
]]>
    </error>
  </testcase> <!-- Startup -->
  <system-out/>
  <testcase classname="Master.CRMExecution" name="LoginIdaho" time="0.000">
    <skipped/>
  </testcase> <!-- LoginIdaho -->
  <system-out/>
  <testcase classname="Master.CRMExecution" name="VerifyOrdersDomain" time="0.000">
    <skipped/>
  </testcase> <!-- VerifyOrdersDomain -->
  <system-out/>
  <testcase classname="Master.CRMExecution" name="CommonTaskCreation" time="0.000">
    <skipped/>
  </testcase> <!-- CommonTaskCreation -->
  <system-out/>
  <testcase classname="Master.CRMExecution" name="CreateTeam" time="0.000">
    <skipped/>
  </testcase> <!-- CreateTeam -->
  <system-out/>
  <testcase classname="Master.CRMExecution" name="ValidatingCompanyRequiredField" time="0.000">
    <skipped/>
  </testcase> <!-- ValidatingCompanyRequiredField -->
  <system-out/>
  <testcase classname="Master.CRMExecution" name="VerifyStateDDwrtCountry" time="0.000">
    <skipped/>
  </testcase> <!-- VerifyStateDDwrtCountry -->
  <system-out/>
  <testcase classname="Master.CRMExecution" name="CreateCustomerCompany" time="0.000">
    <skipped/>
  </testcase> <!-- CreateCustomerCompany -->
  <system-out/>
  <testcase classname="Master.CRMExecution" name="CreateContactUnderCompany" time="0.000">
    <skipped/>
  </testcase> <!-- CreateContactUnderCompany -->
  <system-out/>
  <testcase classname="Master.CRMExecution" name="VerifyPrimaryEmailInOrder" time="0.000">
    <skipped/>
  </testcase> <!-- VerifyPrimaryEmailInOrder -->
  <system-out/>
  <testcase classname="Master.CRMExecution" name="DeleteCustomerCompany" time="0.000">
    <skipped/>
  </testcase> <!-- DeleteCustomerCompany -->
  <system-out/>
  <testcase classname="Master.CRMExecution" name="CreateSupplierCompany" time="0.000">
    <skipped/>
  </testcase> <!-- CreateSupplierCompany -->
  <system-out/>
  <testcase classname="Master.CRMExecution" name="DeleteSupplierCompany" time="0.000">
    <skipped/>
  </testcase> <!-- DeleteSupplierCompany -->
  <system-out/>
  <testcase classname="Master.CRMExecution" name="CreateDecoratorCompany" time="0.000">
    <skipped/>
  </testcase> <!-- CreateDecoratorCompany -->
  <system-out/>
  <testcase classname="Master.CRMExecution" name="DeleteDecoraorCompany" time="0.000">
    <skipped/>
  </testcase> <!-- DeleteDecoraorCompany -->
  <system-out/>
  <testcase classname="Master.CRMExecution" name="CreateProspectCompany" time="0.000">
    <skipped/>
  </testcase> <!-- CreateProspectCompany -->
  <system-out/>
  <testcase classname="Master.CRMExecution" name="DeleteProspectCompany" time="0.000">
    <skipped/>
  </testcase> <!-- DeleteProspectCompany -->
  <system-out/>
  <testcase classname="Master.CRMExecution" name="CreateCompany" time="0.000">
    <skipped/>
  </testcase> <!-- CreateCompany -->
  <system-out/>
  <testcase classname="Master.CRMExecution" name="VerifyBillingInfoInOrder" time="0.000">
    <skipped/>
  </testcase> <!-- VerifyBillingInfoInOrder -->
  <system-out/>
  <testcase classname="Master.CRMExecution" name="VerifyRecordOwn" time="0.000">
    <skipped/>
  </testcase> <!-- VerifyRecordOwn -->
  <system-out/>
  <testcase classname="Master.CRMExecution" name="VerifyCompanyDefaultVisibility" time="0.000">
    <skipped/>
  </testcase> <!-- VerifyCompanyDefaultVisibility -->
  <system-out/>
  <testcase classname="Master.CRMExecution" name="CompanyUpdatedVisibility" time="0.000">
    <skipped/>
  </testcase> <!-- CompanyUpdatedVisibility -->
  <system-out/>
  <testcase classname="Master.CRMExecution" name="VerifyCompanyDetails" time="0.000">
    <skipped/>
  </testcase> <!-- VerifyCompanyDetails -->
  <system-out/>
  <testcase classname="Master.CRMExecution" name="AddCompanyAddress" time="0.000">
    <skipped/>
  </testcase> <!-- AddCompanyAddress -->
  <system-out/>
  <testcase classname="Master.CRMExecution" name="AddCompanyNote" time="0.000">
    <skipped/>
  </testcase> <!-- AddCompanyNote -->
  <system-out/>
  <testcase classname="Master.CRMExecution" name="EditCompanyNote" time="0.000">
    <skipped/>
  </testcase> <!-- EditCompanyNote -->
  <system-out/>
  <testcase classname="Master.CRMExecution" name="DeleteCompanyNote" time="0.000">
    <skipped/>
  </testcase> <!-- DeleteCompanyNote -->
  <system-out/>
  <testcase classname="Master.CRMExecution" name="ViewCreatedCommonTaskOnCompanyDetailpage" time="0.000">
    <skipped/>
  </testcase> <!-- ViewCreatedCommonTaskOnCompanyDetailpage -->
  <system-out/>
  <testcase classname="Master.CRMExecution" name="AddTaskUnderCompany" time="0.000">
    <skipped/>
  </testcase> <!-- AddTaskUnderCompany -->
  <system-out/>
  <testcase classname="Master.CRMExecution" name="CompanyTaskDisplayingInAppointmentinAllViews" time="0.000">
    <skipped/>
  </testcase> <!-- CompanyTaskDisplayingInAppointmentinAllViews -->
  <system-out/>
  <testcase classname="Master.CRMExecution" name="EditTaskUnderCompany" time="0.000">
    <skipped/>
  </testcase> <!-- EditTaskUnderCompany -->
  <system-out/>
  <testcase classname="Master.CRMExecution" name="CompleteTaskUnderCompany" time="0.000">
    <skipped/>
  </testcase> <!-- CompleteTaskUnderCompany -->
  <system-out/>
  <testcase classname="Master.CRMExecution" name="VerifyCompletedDataAndCompleteBy" time="0.000">
    <skipped/>
  </testcase> <!-- VerifyCompletedDataAndCompleteBy -->
  <system-out/>
  <testcase classname="Master.CRMExecution" name="DeleteTaskUnderCompany" time="0.000">
    <skipped/>
  </testcase> <!-- DeleteTaskUnderCompany -->
  <system-out/>
  <testcase classname="Master.CRMExecution" name="DesignDecorations" time="0.001">
    <skipped/>
  </testcase> <!-- DesignDecorations -->
  <system-out/>
  <testcase classname="Master.CRMExecution" name="ViewEditDecorations" time="0.000">
    <skipped/>
  </testcase> <!-- ViewEditDecorations -->
  <system-out/>
  <testcase classname="Master.CRMExecution" name="DeleteDecorations" time="0.000">
    <skipped/>
  </testcase> <!-- DeleteDecorations -->
  <system-out/>
  <testcase classname="Master.CRMExecution" name="ViewCreatedDecorations_UderOrder" time="0.000">
    <skipped/>
  </testcase> <!-- ViewCreatedDecorations_UderOrder -->
  <system-out/>
  <testcase classname="Master.CRMExecution" name="AddContactUnderCompany" time="0.000">
    <skipped/>
  </testcase> <!-- AddContactUnderCompany -->
  <system-out/>
  <testcase classname="Master.CRMExecution" name="ContactRecordOwner" time="0.000">
    <skipped/>
  </testcase> <!-- ContactRecordOwner -->
  <system-out/>
  <testcase classname="Master.CRMExecution" name="CompanyContactRShipVerificaton" time="0.000">
    <skipped/>
  </testcase> <!-- CompanyContactRShipVerificaton -->
  <system-out/>
  <testcase classname="Master.CRMExecution" name="ContactDefaultVisibility" time="0.000">
    <skipped/>
  </testcase> <!-- ContactDefaultVisibility -->
  <system-out/>
  <testcase classname="Master.CRMExecution" name="ContactUpdatedVisibility" time="0.000">
    <skipped/>
  </testcase> <!-- ContactUpdatedVisibility -->
  <system-out/>
  <testcase classname="Master.CRMExecution" name="AddContactAddress" time="0.000">
    <skipped/>
  </testcase> <!-- AddContactAddress -->
  <system-out/>
  <testcase classname="Master.CRMExecution" name="AddContactNotes" time="0.000">
    <skipped/>
  </testcase> <!-- AddContactNotes -->
  <system-out/>
  <testcase classname="Master.CRMExecution" name="EditNoteContent" time="0.000">
    <skipped/>
  </testcase> <!-- EditNoteContent -->
  <system-out/>
  <testcase classname="Master.CRMExecution" name="DeleteContactNote" time="0.000">
    <skipped/>
  </testcase> <!-- DeleteContactNote -->
  <system-out/>
  <testcase classname="Master.CRMExecution" name="AddTaskUnderContact" time="0.000">
    <skipped/>
  </testcase> <!-- AddTaskUnderContact -->
  <system-out/>
  <testcase classname="Master.CRMExecution" name="ContactTaskDisplayingInAppointmentinAllViews" time="0.000">
    <skipped/>
  </testcase> <!-- ContactTaskDisplayingInAppointmentinAllViews -->
  <system-out/>
  <testcase classname="Master.CRMExecution" name="EditTaskUnderContact" time="0.000">
    <skipped/>
  </testcase> <!-- EditTaskUnderContact -->
  <system-out/>
  <testcase classname="Master.CRMExecution" name="CompleteTaskUnderContact" time="0.000">
    <skipped/>
  </testcase> <!-- CompleteTaskUnderContact -->
  <system-out/>
  <testcase classname="Master.CRMExecution" name="DeleteTaskUnderContact" time="0.000">
    <skipped/>
  </testcase> <!-- DeleteTaskUnderContact -->
  <system-out/>
  <testcase classname="Master.CRMExecution" name="SearchCreatedCompany" time="0.000">
    <skipped/>
  </testcase> <!-- SearchCreatedCompany -->
  <system-out/>
  <testcase classname="Master.CRMExecution" name="SearchCreatedContact" time="0.000">
    <skipped/>
  </testcase> <!-- SearchCreatedContact -->
  <system-out/>
  <testcase classname="Master.CRMExecution" name="ExemptTaxFromCompany" time="0.000">
    <skipped/>
  </testcase> <!-- ExemptTaxFromCompany -->
  <system-out/>
  <testcase classname="Master.CRMExecution" name="CreateOrderAndVerifyTaxNotCalculating" time="0.000">
    <skipped/>
  </testcase> <!-- CreateOrderAndVerifyTaxNotCalculating -->
  <system-out/>
  <testcase classname="Master.CRMExecution" name="DeleteCompanywithOrder" time="0.000">
    <skipped/>
  </testcase> <!-- DeleteCompanywithOrder -->
  <system-out/>
  <testcase classname="Master.CRMExecution" name="InactiveCompAndVerifyNotShowingIn_ActiveFilter" time="0.000">
    <skipped/>
  </testcase> <!-- InactiveCompAndVerifyNotShowingIn_ActiveFilter -->
  <system-out/>
  <testcase classname="Master.CRMExecution" name="InactiveContAndVerifyNotShowingIn_ActiveFilter" time="0.000">
    <skipped/>
  </testcase> <!-- InactiveContAndVerifyNotShowingIn_ActiveFilter -->
  <system-out/>
  <testcase classname="Master.CRMExecution" name="CreateContactFromMain" time="0.000">
    <skipped/>
  </testcase> <!-- CreateContactFromMain -->
  <system-out/>
  <testcase classname="Master.CRMExecution" name="CreateNoteFromMain" time="0.000">
    <skipped/>
  </testcase> <!-- CreateNoteFromMain -->
  <system-out/>
  <testcase classname="Master.CRMExecution" name="AssignTaskToNonAdmin" time="0.000">
    <skipped/>
  </testcase> <!-- AssignTaskToNonAdmin -->
  <system-out/>
  <testcase classname="Master.CRMExecution" name="CreateTaskFromMainByAddingNotesAndAssigningIttoTeam" time="0.000">
    <skipped/>
  </testcase> <!-- CreateTaskFromMainByAddingNotesAndAssigningIttoTeam -->
  <system-out/>
  <testcase classname="Master.CRMExecution" name="ViewTaskBasesOnCategory" time="0.000">
    <skipped/>
  </testcase> <!-- ViewTaskBasesOnCategory -->
  <system-out/>
  <testcase classname="Master.CRMExecution" name="VerifyCompanyFilter" time="0.000">
    <skipped/>
  </testcase> <!-- VerifyCompanyFilter -->
  <system-out/>
  <testcase classname="Master.CRMExecution" name="VerifyContactFilter" time="0.000">
    <skipped/>
  </testcase> <!-- VerifyContactFilter -->
  <system-out/>
  <testcase classname="Master.CRMExecution" name="CreateAndDeleteComp" time="0.000">
    <skipped/>
  </testcase> <!-- CreateAndDeleteComp -->
  <system-out/>
  <testcase classname="Master.CRMExecution" name="AddContactInCompany" time="0.000">
    <skipped/>
  </testcase> <!-- AddContactInCompany -->
  <system-out/>
  <testcase classname="Master.CRMExecution" name="ChangeCompaniesRecordOwnerFromDashBoard" time="0.000">
    <skipped/>
  </testcase> <!-- ChangeCompaniesRecordOwnerFromDashBoard -->
  <system-out/>
  <testcase classname="Master.CRMExecution" name="ChangeCompaniesVisibilityFromDashBoard" time="0.000">
    <skipped/>
  </testcase> <!-- ChangeCompaniesVisibilityFromDashBoard -->
  <system-out/>
  <testcase classname="Master.CRMExecution" name="InactiveCompanyFromDashBoard" time="0.000">
    <skipped/>
  </testcase> <!-- InactiveCompanyFromDashBoard -->
  <system-out/>
  <testcase classname="Master.CRMExecution" name="DeleteInactiveCompany" time="0.000">
    <skipped/>
  </testcase> <!-- DeleteInactiveCompany -->
  <system-out/>
  <testcase classname="Master.CRMExecution" name="AddAddressUnderSettings" time="0.000">
    <skipped/>
  </testcase> <!-- AddAddressUnderSettings -->
  <system-out/>
  <testcase classname="Master.CRMExecution" name="DeleteAddressUnderSettings" time="0.000">
    <skipped/>
  </testcase> <!-- DeleteAddressUnderSettings -->
  <system-out/>
  <testcase classname="Master.CRMExecution" name="CreateRelationship" time="0.000">
    <skipped/>
  </testcase> <!-- CreateRelationship -->
  <system-out/>
  <testcase classname="Master.CRMExecution" name="DeleteRelationship" time="0.000">
    <skipped/>
  </testcase> <!-- DeleteRelationship -->
  <system-out/>
  <testcase classname="Master.CRMExecution" name="DeleteTeam" time="0.000">
    <skipped/>
  </testcase> <!-- DeleteTeam -->
  <system-out/>
  <testcase classname="Master.CRMExecution" name="CreateRelationshipBtCompAndContact" time="0.000">
    <skipped/>
  </testcase> <!-- CreateRelationshipBtCompAndContact -->
  <system-out/>
  <testcase classname="Master.CRMExecution" name="ExportCompanyCSV" time="0.000">
    <skipped/>
  </testcase> <!-- ExportCompanyCSV -->
  <system-out/>
  <testcase classname="Master.CRMExecution" name="ExportCompanyQB" time="0.000">
    <skipped/>
  </testcase> <!-- ExportCompanyQB -->
  <system-out/>
  <testcase classname="Master.CRMExecution" name="ExportContactCSV" time="0.000">
    <skipped/>
  </testcase> <!-- ExportContactCSV -->
  <system-out/>
  <testcase classname="Master.CRMExecution" name="ExportoVcard" time="0.000">
    <skipped/>
  </testcase> <!-- ExportoVcard -->
  <system-out/>
  <testcase classname="Master.CRMExecution" name="AddTaskatAppointmentPage" time="0.001">
    <skipped/>
  </testcase> <!-- AddTaskatAppointmentPage -->
  <system-out/>
  <testcase classname="Master.CRMExecution" name="MoveEmailToSpam" time="0.000">
    <skipped/>
  </testcase> <!-- MoveEmailToSpam -->
  <system-out/>
  <testcase classname="Master.CRMExecution" name="DeleteEmailFromAllEmail" time="0.000">
    <skipped/>
  </testcase> <!-- DeleteEmailFromAllEmail -->
  <system-out/>
  <testcase classname="Master.CRMExecution" name="MoveEmailToSpamFromDetailPage" time="0.000">
    <skipped/>
  </testcase> <!-- MoveEmailToSpamFromDetailPage -->
  <system-out/>
  <testcase classname="Master.CRMExecution" name="DeleteEmailFromEmailDetailPage" time="0.000">
    <skipped/>
  </testcase> <!-- DeleteEmailFromEmailDetailPage -->
  <system-out/>
  <testcase classname="Master.CRMExecution" name="MoveEmailToNotSpam" time="0.000">
    <skipped/>
  </testcase> <!-- MoveEmailToNotSpam -->
  <system-out/>
  <testcase classname="Master.CRMExecution" name="DeleteEmailFromSpam" time="0.000">
    <skipped/>
  </testcase> <!-- DeleteEmailFromSpam -->
  <system-out/>
  <testcase classname="Master.CRMExecution" name="CreateDefaultTask" time="0.000">
    <skipped/>
  </testcase> <!-- CreateDefaultTask -->
  <system-out/>
  <testcase classname="Master.CRMExecution" name="VerifyDefaultTaskUnderCreatedOrder" time="0.000">
    <skipped/>
  </testcase> <!-- VerifyDefaultTaskUnderCreatedOrder -->
  <system-out/>
  <testcase classname="Master.CRMExecution" name="DeleteDefaultTask" time="0.000">
    <skipped/>
  </testcase> <!-- DeleteDefaultTask -->
  <system-out/>
  <testcase classname="Master.CRMExecution" name="CreateContactWhileCreatingOrder" time="0.000">
    <skipped/>
  </testcase> <!-- CreateContactWhileCreatingOrder -->
  <system-out/>
  <testcase classname="Master.CRMExecution" name="EditCheckbox_CustomizeOrderNo" time="0.000">
    <skipped/>
  </testcase> <!-- EditCheckbox_CustomizeOrderNo -->
  <system-out/>
  <testcase classname="Master.CRMExecution" name="CustomizeOrderNo" time="0.000">
    <skipped/>
  </testcase> <!-- CustomizeOrderNo -->
  <system-out/>
  <testcase classname="Master.CRMExecution" name="VerifyCompanyContactIconAndAddress" time="0.000">
    <skipped/>
  </testcase> <!-- VerifyCompanyContactIconAndAddress -->
  <system-out/>
</testsuite> <!-- Master.CRMExecution -->
